[ 2016-11-30T13:16:49+08:00 ] 127.0.0.1 /my/myshop/index.php/images/logo.gif
INFO: [ app_init ] --START--
INFO: Run Behavior\BuildLiteBehavior [ RunTime:0.000000s ]
INFO: [ app_init ] --END-- [ RunTime:0.002000s ]
ERR: 无法加载模块:Images

[ 2016-11-30T13:16:49+08:00 ] 127.0.0.1 /my/myshop/index.php/images/biao3.gif
INFO: [ app_init ] --START--
INFO: Run Behavior\BuildLiteBehavior [ RunTime:0.000000s ]
INFO: [ app_init ] --END-- [ RunTime:0.016001s ]
ERR: 无法加载模块:Images

[ 2016-11-30T13:16:49+08:00 ] 127.0.0.1 /my/myshop/index.php/images/top_1.gif
INFO: [ app_init ] --START--
INFO: Run Behavior\BuildLiteBehavior [ RunTime:0.000000s ]
INFO: [ app_init ] --END-- [ RunTime:0.001000s ]
ERR: 无法加载模块:Images

[ 2016-11-30T13:16:49+08:00 ] 127.0.0.1 /my/myshop/index.php/images/3_thumb_G_1241422082679.jpg
INFO: [ app_init ] --START--
INFO: Run Behavior\BuildLiteBehavior [ RunTime:0.000000s ]
INFO: [ app_init ] --END-- [ RunTime:0.001000s ]
ERR: 无法加载模块:Images

[ 2016-11-30T13:16:49+08:00 ] 127.0.0.1 /my/myshop/index.php/images/biao6.gif
INFO: [ app_init ] --START--
INFO: Run Behavior\BuildLiteBehavior [ RunTime:0.001000s ]
INFO: [ app_init ] --END-- [ RunTime:0.002000s ]
ERR: 无法加载模块:Images

[ 2016-11-30T13:16:49+08:00 ] 127.0.0.1 /my/myshop/index.php/images/sousuo.gif
INFO: [ app_init ] --START--
INFO: Run Behavior\BuildLiteBehavior [ RunTime:0.000000s ]
INFO: [ app_init ] --END-- [ RunTime:0.001000s ]
ERR: 无法加载模块:Images

[ 2016-11-30T13:16:49+08:00 ] 127.0.0.1 /my/myshop/index.php/images/biao7.gif
INFO: [ app_init ] --START--
INFO: Run Behavior\BuildLiteBehavior [ RunTime:0.000000s ]
INFO: [ app_init ] --END-- [ RunTime:0.002000s ]
ERR: 无法加载模块:Images

[ 2016-11-30T13:16:49+08:00 ] 127.0.0.1 /my/myshop/index.php/images/top_2.gif
INFO: [ app_init ] --START--
INFO: Run Behavior\BuildLiteBehavior [ RunTime:0.000000s ]
INFO: [ app_init ] --END-- [ RunTime:0.002000s ]
ERR: 无法加载模块:Images

[ 2016-11-30T13:16:49+08:00 ] 127.0.0.1 /my/myshop/index.php/images/top_3.gif
INFO: [ app_init ] --START--
INFO: Run Behavior\BuildLiteBehavior [ RunTime:0.000000s ]
INFO: [ app_init ] --END-- [ RunTime:0.010001s ]
ERR: 无法加载模块:Images

[ 2016-11-30T13:16:49+08:00 ] 127.0.0.1 /my/myshop/index.php/images/top_4.gif
INFO: [ app_init ] --START--
INFO: Run Behavior\BuildLiteBehavior [ RunTime:0.001000s ]
INFO: [ app_init ] --END-- [ RunTime:0.002000s ]
ERR: 无法加载模块:Images

[ 2016-11-30T13:16:49+08:00 ] 127.0.0.1 /my/myshop/index.php/images/12_thumb_G_1241965978410.jpg
INFO: [ app_init ] --START--
INFO: Run Behavior\BuildLiteBehavior [ RunTime:0.002000s ]
INFO: [ app_init ] --END-- [ RunTime:0.014001s ]
ERR: 无法加载模块:Images

[ 2016-11-30T13:16:49+08:00 ] 127.0.0.1 /my/myshop/index.php/images/top_6.gif
INFO: [ app_init ] --START--
INFO: Run Behavior\BuildLiteBehavior [ RunTime:0.001000s ]
INFO: [ app_init ] --END-- [ RunTime:0.004000s ]
ERR: 无法加载模块:Images

[ 2016-11-30T13:16:49+08:00 ] 127.0.0.1 /my/myshop/index.php/images/1240803062307572427.gif
INFO: [ app_init ] --START--
INFO: Run Behavior\BuildLiteBehavior [ RunTime:0.000000s ]
INFO: [ app_init ] --END-- [ RunTime:0.001000s ]
ERR: 无法加载模块:Images

[ 2016-11-30T13:16:49+08:00 ] 127.0.0.1 /my/myshop/index.php/images/top_7.gif
INFO: [ app_init ] --START--
INFO: Run Behavior\BuildLiteBehavior [ RunTime:0.000000s ]
INFO: [ app_init ] --END-- [ RunTime:0.002000s ]
ERR: 无法加载模块:Images

[ 2016-11-30T13:16:49+08:00 ] 127.0.0.1 /my/myshop/index.php/images/24_thumb_G_1241971981429.jpg
INFO: [ app_init ] --START--
INFO: Run Behavior\BuildLiteBehavior [ RunTime:0.000000s ]
INFO: [ app_init ] --END-- [ RunTime:0.001000s ]
ERR: 无法加载模块:Images

[ 2016-11-30T13:16:49+08:00 ] 127.0.0.1 /my/myshop/index.php/images/111.jpg
INFO: [ app_init ] --START--
INFO: Run Behavior\BuildLiteBehavior [ RunTime:0.000000s ]
INFO: [ app_init ] --END-- [ RunTime:0.002001s ]
ERR: 无法加载模块:Images

[ 2016-11-30T13:16:49+08:00 ] 127.0.0.1 /my/myshop/index.php/images/1240803144788047486.gif
INFO: [ app_init ] --START--
INFO: Run Behavior\BuildLiteBehavior [ RunTime:0.000000s ]
INFO: [ app_init ] --END-- [ RunTime:0.005001s ]
ERR: 无法加载模块:Images

[ 2016-11-30T13:16:49+08:00 ] 127.0.0.1 /my/myshop/index.php/images/9_thumb_G_1241511871555.jpg
INFO: [ app_init ] --START--
INFO: Run Behavior\BuildLiteBehavior [ RunTime:0.001000s ]
INFO: [ app_init ] --END-- [ RunTime:0.005000s ]
ERR: 无法加载模块:Images

[ 2016-11-30T13:16:49+08:00 ] 127.0.0.1 /my/myshop/index.php/images/8_thumb_G_1241425513488.jpg
INFO: [ app_init ] --START--
INFO: Run Behavior\BuildLiteBehavior [ RunTime:0.000000s ]
INFO: [ app_init ] --END-- [ RunTime:0.001001s ]
ERR: 无法加载模块:Images

[ 2016-11-30T13:16:49+08:00 ] 127.0.0.1 /my/myshop/index.php/images/1_thumb_G_1240902890710.jpg
INFO: [ app_init ] --START--
INFO: Run Behavior\BuildLiteBehavior [ RunTime:0.002000s ]
INFO: [ app_init ] --END-- [ RunTime:0.003000s ]
ERR: 无法加载模块:Images

[ 2016-11-30T13:16:49+08:00 ] 127.0.0.1 /my/myshop/index.php/images/top_5.gif
INFO: [ app_init ] --START--
INFO: Run Behavior\BuildLiteBehavior [ RunTime:0.001000s ]
INFO: [ app_init ] --END-- [ RunTime:0.003000s ]
ERR: 无法加载模块:Images

[ 2016-11-30T13:16:49+08:00 ] 127.0.0.1 /my/myshop/index.php/images/1240802922410634065.gif
INFO: [ app_init ] --START--
INFO: Run Behavior\BuildLiteBehavior [ RunTime:0.000000s ]
INFO: [ app_init ] --END-- [ RunTime:0.008000s ]
ERR: 无法加载模块:Images

[ 2016-11-30T13:16:49+08:00 ] 127.0.0.1 /my/myshop/index.php/images/di.jpg
INFO: [ app_init ] --START--
INFO: Run Behavior\BuildLiteBehavior [ RunTime:0.000000s ]
INFO: [ app_init ] --END-- [ RunTime:0.002000s ]
ERR: 无法加载模块:Images

[ 2016-11-30T13:16:49+08:00 ] 127.0.0.1 /my/myshop/index.php/images/yongda_logo.gif
INFO: [ app_init ] --START--
INFO: Run Behavior\BuildLiteBehavior [ RunTime:0.001000s ]
INFO: [ app_init ] --END-- [ RunTime:0.003000s ]
ERR: 无法加载模块:Images

[ 2016-11-30T13:16:49+08:00 ] 127.0.0.1 /my/myshop/index.php/images/ecmoban_link.jpg
INFO: [ app_init ] --START--
INFO: Run Behavior\BuildLiteBehavior [ RunTime:0.000000s ]
INFO: [ app_init ] --END-- [ RunTime:0.002000s ]
ERR: 无法加载模块:Images

[ 2016-11-30T13:18:45+08:00 ] 127.0.0.1 /my/myshop/index.php/myshop/Home/Public/css/style.css
INFO: [ app_init ] --START--
INFO: Run Behavior\BuildLiteBehavior [ RunTime:0.000000s ]
INFO: [ app_init ] --END-- [ RunTime:0.002000s ]
ERR: 无法加载模块:Myshop

[ 2016-11-30T13:19:17+08:00 ] 127.0.0.1 /my/myshop/index.php/myshop/Home/Public/css/style.css
INFO: [ app_init ] --START--
INFO: Run Behavior\BuildLiteBehavior [ RunTime:0.000000s ]
INFO: [ app_init ] --END-- [ RunTime:0.003000s ]
ERR: 无法加载模块:Myshop

[ 2016-11-30T13:19:18+08:00 ] 127.0.0.1 /my/myshop/index.php/myshop/Home/Public/css/style.css
INFO: [ app_init ] --START--
INFO: Run Behavior\BuildLiteBehavior [ RunTime:0.000000s ]
INFO: [ app_init ] --END-- [ RunTime:0.002000s ]
ERR: 无法加载模块:Myshop

